<?xml version="1.0" encoding="UTF-8"?>
<robot generator="Robot 3.0.4 (Python 3.6.6 on win32)" generated="20180912 08:17:37.548">
<suite id="s1" name="121568336 TC" source="E:\Code\helium\web\core\frontend\static\out\121568336\121568336_TC.html">
<test id="s1-t1" name="case1">
<kw name="Log" library="BuiltIn">
<doc>Logs the given message with the given level.</doc>
<arguments>
<arg>Log number 1</arg>
</arguments>
<msg timestamp="20180912 08:17:37.943" level="INFO">Log number 1</msg>
<status status="PASS" starttime="20180912 08:17:37.943" endtime="20180912 08:17:37.943"></status>
</kw>
<kw name="${INDEX} IN [ 3 | 7 ]" type="for">
<kw name="${INDEX} = 3" type="foritem">
<kw>
<assign>
<var>${INDEX}</var>
</assign>
<msg timestamp="20180912 08:17:37.944" level="FAIL">Keyword name cannot be empty.</msg>
<status status="FAIL" starttime="20180912 08:17:37.944" endtime="20180912 08:17:37.944"></status>
</kw>
<status status="FAIL" starttime="20180912 08:17:37.944" endtime="20180912 08:17:37.944"></status>
</kw>
<status status="FAIL" starttime="20180912 08:17:37.944" endtime="20180912 08:17:37.944"></status>
</kw>
<status status="FAIL" starttime="20180912 08:17:37.941" endtime="20180912 08:17:37.944" critical="yes">Keyword name cannot be empty.</status>
</test>
<status status="FAIL" starttime="20180912 08:17:37.596" endtime="20180912 08:17:37.948"></status>
</suite>
<statistics>
<total>
<stat pass="0" fail="1">Critical Tests</stat>
<stat pass="0" fail="1">All Tests</stat>
</total>
<tag>
</tag>
<suite>
<stat pass="0" fail="1" id="s1" name="121568336 TC">121568336 TC</stat>
</suite>
</statistics>
<errors>
<msg timestamp="20180912 08:17:37.600" level="ERROR">Error in test case file 'E:\Code\helium\web\core\frontend\static\out\121568336\121568336_TC.html': Creating keyword 'pers one' failed: Keyword with same name defined multiple times.</msg>
</errors>
</robot>
